--- Running sklearn/sklearn.tree.DecisionTreeClassifier@0.23.1-0.24.1/sklearn.tree.DecisionTreeClassifier#2NN/DecisionTreeClassifier#2NN, strategy: relancer
[ERR MSG]: OrderedDict([('project', 'sklearn/sklearn.tree.DecisionTreeClassifier@0.23.1-0.24.1/sklearn.tree.DecisionTreeClassifier#2NN'), ('notebook', 'DecisionTreeClassifier#2NN'), ('text', '  File "DecisionTreeClassifier#2NN.py", line 9, in <module>\n    Out:DecisionTreeClassifier(class_weight=None, criterion=\'entropy\', max_depth=None,\n  File "/dataset/he/envs/ml_sklearn_0.24.1/lib/python3.8/site-packages/sklearn/utils/validation.py", line 63, in inner_f\n    return f(*args, **kwargs)\nTypeError: __init__() got an unexpected keyword argument \'presort\'\n')])
  File "DecisionTreeClassifier#2NN.py", line 9, in <module>
Error inducing API short name: Out:DecisionTreeClassifier, line no: 9
Error inducing API fqn: UNKNOWN, line no: 9
*** TypeError: PLACEHOLDER
Repair Action: arg_name
Key Params: []
Prev Params: None
Prev Repair Action: None
Line No: 9
Prev Line No: 0
GitHub Candidates:
[]
KP:[]
EXPP: []
APIDoc Candidates:
[]
All Solution Candidates:
[]
[INFO] This case cannot be fixed!

real    0m0.917s
user    0m3.339s
sys     0m11.035s